# JRE version: OpenJDK Runtime Environment (8.0_242-b01) (build 1.8.0_242-release-1644-b01)
# Java VM: OpenJDK 64-Bit Server VM (25.242-b01 mixed mode windows-amd64 compressed oops)
Heap:
 PSYoungGen      total 202752K, used 179681K [0x00000000e0000000, 0x00000000edd00000, 0x0000000100000000)
  eden space 192000K, 93% used [0x00000000e0000000,0x00000000eaf785e0,0x00000000ebb80000)
  from space 10752K, 0% used [0x00000000ec680000,0x00000000ec680000,0x00000000ed100000)
  to   space 11264K, 0% used [0x00000000ebb80000,0x00000000ebb80000,0x00000000ec680000)
 ParOldGen       total 62976K, used 19016K [0x00000000a0000000, 0x00000000a3d80000, 0x00000000e0000000)
  object space 62976K, 30% used [0x00000000a0000000,0x00000000a1292168,0x00000000a3d80000)
 Metaspace       used 41983K, capacity 42806K, committed 43048K, reserved 1087488K
  class space    used 5399K, capacity 5648K, committed 5672K, reserved 1048576K
GC Heap History (10 events):
Event: 25.924 GC heap before
{Heap before GC invocations=14 (full 1):
 PSYoungGen      total 107008K, used 104672K [0x00000000e0000000, 0x00000000e7300000, 0x0000000100000000)
  eden space 99328K, 100% used [0x00000000e0000000,0x00000000e6100000,0x00000000e6100000)
  from space 7680K, 69% used [0x00000000e6b80000,0x00000000e70b8010,0x00000000e7300000)
  to   space 9216K, 0% used [0x00000000e6100000,0x00000000e6100000,0x00000000e6a00000)
 ParOldGen       total 62976K, used 23178K [0x00000000a0000000, 0x00000000a3d80000, 0x00000000e0000000)
  object space 62976K, 36% used [0x00000000a0000000,0x00000000a16a28a0,0x00000000a3d80000)
 Metaspace       used 29369K, capacity 29852K, committed 30128K, reserved 1075200K
  class space    used 3994K, capacity 4177K, committed 4272K, reserved 1048576K
Event: 25.949 GC heap after
Heap after GC invocations=14 (full 1):
 PSYoungGen      total 108544K, used 6912K [0x00000000e0000000, 0x00000000e9a80000, 0x0000000100000000)
  eden space 99328K, 0% used [0x00000000e0000000,0x00000000e0000000,0x00000000e6100000)
  from space 9216K, 75% used [0x00000000e6100000,0x00000000e67c0050,0x00000000e6a00000)
  to   space 9728K, 0% used [0x00000000e9100000,0x00000000e9100000,0x00000000e9a80000)
 ParOldGen       total 62976K, used 27866K [0x00000000a0000000, 0x00000000a3d80000, 0x00000000e0000000)
  object space 62976K, 44% used [0x00000000a0000000,0x00000000a1b368b0,0x00000000a3d80000)
 Metaspace       used 29369K, capacity 29852K, committed 30128K, reserved 1075200K
  class space    used 3994K, capacity 4177K, committed 4272K, reserved 1048576K
}
Event: 28.004 GC heap before
{Heap before GC invocations=15 (full 1):
 PSYoungGen      total 108544K, used 106240K [0x00000000e0000000, 0x00000000e9a80000, 0x0000000100000000)
  eden space 99328K, 100% used [0x00000000e0000000,0x00000000e6100000,0x00000000e6100000)
  from space 9216K, 75% used [0x00000000e6100000,0x00000000e67c0050,0x00000000e6a00000)
  to   space 9728K, 0% used [0x00000000e9100000,0x00000000e9100000,0x00000000e9a80000)
 ParOldGen       total 62976K, used 27866K [0x00000000a0000000, 0x00000000a3d80000, 0x00000000e0000000)
  object space 62976K, 44% used [0x00000000a0000000,0x00000000a1b368b0,0x00000000a3d80000)
 Metaspace       used 29369K, capacity 29852K, committed 30128K, reserved 1075200K
  class space    used 3994K, capacity 4177K, committed 4272K, reserved 1048576K
Event: 28.028 GC heap after
Heap after GC invocations=15 (full 1):
 PSYoungGen      total 146432K, used 7680K [0x00000000e0000000, 0x00000000e9980000, 0x0000000100000000)
  eden space 137728K, 0% used [0x00000000e0000000,0x00000000e0000000,0x00000000e8680000)
  from space 8704K, 88% used [0x00000000e9100000,0x00000000e9880010,0x00000000e9980000)
  to   space 9728K, 0% used [0x00000000e8680000,0x00000000e8680000,0x00000000e9000000)
 ParOldGen       total 62976K, used 34410K [0x00000000a0000000, 0x00000000a3d80000, 0x00000000e0000000)
  object space 62976K, 54% used [0x00000000a0000000,0x00000000a219a8f0,0x00000000a3d80000)
 Metaspace       used 29369K, capacity 29852K, committed 30128K, reserved 1075200K
  class space    used 3994K, capacity 4177K, committed 4272K, reserved 1048576K
}
Event: 31.002 GC heap before
{Heap before GC invocations=16 (full 1):
 PSYoungGen      total 146432K, used 145408K [0x00000000e0000000, 0x00000000e9980000, 0x0000000100000000)
  eden space 137728K, 100% used [0x00000000e0000000,0x00000000e8680000,0x00000000e8680000)
  from space 8704K, 88% used [0x00000000e9100000,0x00000000e9880010,0x00000000e9980000)
  to   space 9728K, 0% used [0x00000000e8680000,0x00000000e8680000,0x00000000e9000000)
 ParOldGen       total 62976K, used 34410K [0x00000000a0000000, 0x00000000a3d80000, 0x00000000e0000000)
  object space 62976K, 54% used [0x00000000a0000000,0x00000000a219a8f0,0x00000000a3d80000)
 Metaspace       used 33921K, capacity 34660K, committed 34864K, reserved 1079296K
  class space    used 4607K, capacity 4817K, committed 4912K, reserved 1048576K
Event: 31.060 GC heap after
Heap after GC invocations=16 (full 1):
 PSYoungGen      total 147456K, used 9577K [0x00000000e0000000, 0x00000000ed100000, 0x0000000100000000)
  eden space 137728K, 0% used [0x00000000e0000000,0x00000000e0000000,0x00000000e8680000)
  from space 9728K, 98% used [0x00000000e8680000,0x00000000e8fda7d8,0x00000000e9000000)
  to   space 10752K, 0% used [0x00000000ec680000,0x00000000ec680000,0x00000000ed100000)
 ParOldGen       total 62976K, used 41010K [0x00000000a0000000, 0x00000000a3d80000, 0x00000000e0000000)
  object space 62976K, 65% used [0x00000000a0000000,0x00000000a280c8f0,0x00000000a3d80000)
 Metaspace       used 33921K, capacity 34660K, committed 34864K, reserved 1079296K
  class space    used 4607K, capacity 4817K, committed 4912K, reserved 1048576K
}
Event: 31.757 GC heap before
{Heap before GC invocations=17 (full 1):
 PSYoungGen      total 147456K, used 20560K [0x00000000e0000000, 0x00000000ed100000, 0x0000000100000000)
  eden space 137728K, 7% used [0x00000000e0000000,0x00000000e0ab9860,0x00000000e8680000)
  from space 9728K, 98% used [0x00000000e8680000,0x00000000e8fda7d8,0x00000000e9000000)
  to   space 10752K, 0% used [0x00000000ec680000,0x00000000ec680000,0x00000000ed100000)
 ParOldGen       total 62976K, used 41010K [0x00000000a0000000, 0x00000000a3d80000, 0x00000000e0000000)
  object space 62976K, 65% used [0x00000000a0000000,0x00000000a280c8f0,0x00000000a3d80000)
 Metaspace       used 34596K, capacity 35348K, committed 35496K, reserved 1079296K
  class space    used 4710K, capacity 4917K, committed 5032K, reserved 1048576K
Event: 31.948 GC heap after
Heap after GC invocations=17 (full 1):
 PSYoungGen      total 202752K, used 985K [0x00000000e0000000, 0x00000000edd00000, 0x0000000100000000)
  eden space 192000K, 0% used [0x00000000e0000000,0x00000000e0000000,0x00000000ebb80000)
  from space 10752K, 9% used [0x00000000ec680000,0x00000000ec776590,0x00000000ed100000)
  to   space 11264K, 0% used [0x00000000ebb80000,0x00000000ebb80000,0x00000000ec680000)
 ParOldGen       total 62976K, used 47278K [0x00000000a0000000, 0x00000000a3d80000, 0x00000000e0000000)
  object space 62976K, 75% used [0x00000000a0000000,0x00000000a2e2b9a0,0x00000000a3d80000)
 Metaspace       used 34596K, capacity 35348K, committed 35496K, reserved 1079296K
  class space    used 4710K, capacity 4917K, committed 5032K, reserved 1048576K
}
Event: 31.948 GC heap before
{Heap before GC invocations=18 (full 2):
 PSYoungGen      total 202752K, used 985K [0x00000000e0000000, 0x00000000edd00000, 0x0000000100000000)
  eden space 192000K, 0% used [0x00000000e0000000,0x00000000e0000000,0x00000000ebb80000)
  from space 10752K, 9% used [0x00000000ec680000,0x00000000ec776590,0x00000000ed100000)
  to   space 11264K, 0% used [0x00000000ebb80000,0x00000000ebb80000,0x00000000ec680000)
 ParOldGen       total 62976K, used 47278K [0x00000000a0000000, 0x00000000a3d80000, 0x00000000e0000000)
  object space 62976K, 75% used [0x00000000a0000000,0x00000000a2e2b9a0,0x00000000a3d80000)
 Metaspace       used 34596K, capacity 35348K, committed 35496K, reserved 1079296K
  class space    used 4710K, capacity 4917K, committed 5032K, reserved 1048576K
Event: 32.071 GC heap after
Heap after GC invocations=18 (full 2):
 PSYoungGen      total 202752K, used 0K [0x00000000e0000000, 0x00000000edd00000, 0x0000000100000000)
  eden space 192000K, 0% used [0x00000000e0000000,0x00000000e0000000,0x00000000ebb80000)
  from space 10752K, 0% used [0x00000000ec680000,0x00000000ec680000,0x00000000ed100000)
  to   space 11264K, 0% used [0x00000000ebb80000,0x00000000ebb80000,0x00000000ec680000)
 ParOldGen       total 62976K, used 19016K [0x00000000a0000000, 0x00000000a3d80000, 0x00000000e0000000)
  object space 62976K, 30% used [0x00000000a0000000,0x00000000a1292168,0x00000000a3d80000)
 Metaspace       used 34514K, capacity 35200K, committed 35496K, reserved 1079296K
  class space    used 4685K, capacity 4889K, committed 5032K, reserved 1048576K
}

